<?xml version="1.0" encoding="UTF-8"?>
<!-- Generated by org.testng.reporters.JUnitXMLReporter -->
<testsuite ignored="2" hostname="DESKTOP-RM20B3T" failures="0" tests="1" name="Default test" time="15.409" errors="0" timestamp="2023-11-13T22:55:40 IST">
  <testcase classname="testcase.ProductDetailsPageTest" name="addCommentUnderProduct" time="2.177"/>
  <testcase classname="testcase.ProductDetailsPageTest" name="changeQuantityWithGreenAndPink" time="0.0">
    <ignored/>
  </testcase> <!-- changeQuantityWithGreenAndPink -->
  <testcase classname="testcase.ProductDetailsPageTest" name="changeCurrencyType" time="0.0">
    <ignored/>
  </testcase> <!-- changeCurrencyType -->
</testsuite> <!-- Default test -->
